**********************
Windows PowerShell transcript start
Start time: 20180404023711
Username: ASINGALA-PC\asingala
RunAs User: ASINGALA-PC\asingala
Configuration Name: 
Machine: ASINGALA-PC (Microsoft Windows NT 10.0.16299.0)
Host Application: C:\Windows\System32\WindowsPowerShell\v1.0\powershell.exe
Process ID: 7972
PSVersion: 5.1.16299.251
PSEdition: Desktop
PSCompatibleVersions: 1.0, 2.0, 3.0, 4.0, 5.0, 5.1.16299.251
BuildVersion: 10.0.16299.251
CLRVersion: 4.0.30319.42000
WSManStackVersion: 3.0
PSRemotingProtocolVersion: 2.3
SerializationVersion: 1.1.0.1
**********************
Transcript started, output file is D:\Temp\MOC20533\Allfiles\Logs\New-20533DEnvironment-7.log

Now setting up Lab 7


Account          : spsms03@hotmail.com
SubscriptionName : Visual Studio Enterprise with MSDN
SubscriptionId   : acfa5b40-305f-49b6-b379-4e68a29c0da7
TenantId         : 93bf7472-983c-429f-bd89-4cf59c7aa333
Environment      : AzureCloud

Using the subscription:  Visual Studio Enterprise with MSDN  Id:  acfa5b40-305f-49b6-b379-4e68a29c0da7

Name               : [spsms03@hotmail.com, acfa5b40-305f-49b6-b379-4e68a29c0da7]
Account            : spsms03@hotmail.com
Environment        : AzureCloud
Subscription       : acfa5b40-305f-49b6-b379-4e68a29c0da7
Tenant             : 93bf7472-983c-429f-bd89-4cf59c7aa333
TokenCache         : Microsoft.Azure.Commands.Common.Authentication.AuthenticationStoreTokenCache
VersionProfile     :
ExtendedProperties : {}

1    East US
2    West US 2
3    West Europe
4    Southeast Asia

Enter the number corresponding to the Azure region you want to use:
Your Azure region is:  West Europe
lab startup folder is E:\Labfiles\Lab07\Starter
**********************
Windows PowerShell transcript end
End time: 20180404023757
**********************
**********************
Windows PowerShell transcript start
Start time: 20180404031449
Username: ASINGALA-PC\asingala
RunAs User: ASINGALA-PC\asingala
Configuration Name: 
Machine: ASINGALA-PC (Microsoft Windows NT 10.0.16299.0)
Host Application: C:\Windows\System32\WindowsPowerShell\v1.0\powershell.exe
Process ID: 7972
PSVersion: 5.1.16299.251
PSEdition: Desktop
PSCompatibleVersions: 1.0, 2.0, 3.0, 4.0, 5.0, 5.1.16299.251
BuildVersion: 10.0.16299.251
CLRVersion: 4.0.30319.42000
WSManStackVersion: 3.0
PSRemotingProtocolVersion: 2.3
SerializationVersion: 1.1.0.1
**********************
Transcript started, output file is D:\Temp\MOC20533\Allfiles\Logs\New-20533DEnvironment-7.log

Now setting up Lab 7
Add-AzureRmAccount : authentication_canceled: User canceled authentication
At D:\Temp\MOC20533\Allfiles\Modules\Add-20533DEnvironment\Add-20533DEnvironment.psm1:73 char:12
+         7 {Add-AzureRmAccount; Select-20533DSubscriptionARM; Select-2 ...
+            ~~~~~~~~~~~~~~~~~~
    + CategoryInfo          : CloseError: (:) [Add-AzureRmAccount], AadAuthenticationCanceledException
    + FullyQualifiedErrorId : Microsoft.Azure.Commands.Profile.AddAzureRMAccountCommand
Add-AzureRmAccount : authentication_canceled: User canceled authentication
At D:\Temp\MOC20533\Allfiles\Modules\Add-20533DEnvironment\Add-20533DEnvironment.psm1:73 char:12
+         7 {Add-AzureRmAccount; Select-20533DSubscriptionARM; Select-2 ...
+            ~~~~~~~~~~~~~~~~~~
    + CategoryInfo          : CloseError: (:) [Add-AzureRmAccount], AadAuthenticationCanceledException
    + FullyQualifiedErrorId : Microsoft.Azure.Commands.Profile.AddAzureRMAccountCommand

Using the subscription:  Visual Studio Enterprise with MSDN  Id:  acfa5b40-305f-49b6-b379-4e68a29c0da7


Name             : [spsms03@hotmail.com, acfa5b40-305f-49b6-b379-4e68a29c0da7]
Account          : spsms03@hotmail.com
SubscriptionName : Visual Studio Enterprise with MSDN
TenantId         : 93bf7472-983c-429f-bd89-4cf59c7aa333
Environment      : AzureCloud

1    East US
2    West US 2
3    West Europe
4    Southeast Asia

Enter the number corresponding to the Azure region you want to use:
Your Azure region is:  East US
lab startup folder is E:\Labfiles\Lab07\Starter
**********************
Windows PowerShell transcript end
End time: 20180404031514
**********************
**********************
Windows PowerShell transcript start
Start time: 20180404041139
Username: ASINGALA-PC\asingala
RunAs User: ASINGALA-PC\asingala
Configuration Name: 
Machine: ASINGALA-PC (Microsoft Windows NT 10.0.16299.0)
Host Application: C:\Windows\System32\WindowsPowerShell\v1.0\powershell.exe
Process ID: 7960
PSVersion: 5.1.16299.251
PSEdition: Desktop
PSCompatibleVersions: 1.0, 2.0, 3.0, 4.0, 5.0, 5.1.16299.251
BuildVersion: 10.0.16299.251
CLRVersion: 4.0.30319.42000
WSManStackVersion: 3.0
PSRemotingProtocolVersion: 2.3
SerializationVersion: 1.1.0.1
**********************
Transcript started, output file is D:\Temp\MOC20533\Allfiles\Logs\New-20533DEnvironment-7.log

Now setting up Lab 7


Account          : spsms03@hotmail.com
SubscriptionName : Visual Studio Enterprise with MSDN
SubscriptionId   : acfa5b40-305f-49b6-b379-4e68a29c0da7
TenantId         : 93bf7472-983c-429f-bd89-4cf59c7aa333
Environment      : AzureCloud

Using the subscription:  Visual Studio Enterprise with MSDN  Id:  acfa5b40-305f-49b6-b379-4e68a29c0da7

Name               : [spsms03@hotmail.com, acfa5b40-305f-49b6-b379-4e68a29c0da7]
Account            : spsms03@hotmail.com
Environment        : AzureCloud
Subscription       : acfa5b40-305f-49b6-b379-4e68a29c0da7
Tenant             : 93bf7472-983c-429f-bd89-4cf59c7aa333
TokenCache         : Microsoft.Azure.Commands.Common.Authentication.AuthenticationStoreTokenCache
VersionProfile     :
ExtendedProperties : {}

1    East US
2    West US 2
3    West Europe
4    Southeast Asia

Enter the number corresponding to the Azure region you want to use:
Your Azure region is:  East US
lab startup folder is D:\Temp\MOC20533\Allfiles\Labfiles\Lab07\Starter
**********************
Windows PowerShell transcript end
End time: 20180404041308
**********************
**********************
Windows PowerShell transcript start
Start time: 20180405100112
Username: ASINGALA-PC\asingala
RunAs User: ASINGALA-PC\asingala
Configuration Name: 
Machine: ASINGALA-PC (Microsoft Windows NT 10.0.16299.0)
Host Application: C:\Windows\System32\WindowsPowerShell\v1.0\powershell.exe
Process ID: 7940
PSVersion: 5.1.16299.251
PSEdition: Desktop
PSCompatibleVersions: 1.0, 2.0, 3.0, 4.0, 5.0, 5.1.16299.251
BuildVersion: 10.0.16299.251
CLRVersion: 4.0.30319.42000
WSManStackVersion: 3.0
PSRemotingProtocolVersion: 2.3
SerializationVersion: 1.1.0.1
**********************
Transcript started, output file is D:\Temp\MOC20533\Allfiles\Logs\New-20533DEnvironment-7.log

Now setting up Lab 7


Account          : spsms03@hotmail.com
SubscriptionName : Visual Studio Enterprise with MSDN
SubscriptionId   : acfa5b40-305f-49b6-b379-4e68a29c0da7
TenantId         : 93bf7472-983c-429f-bd89-4cf59c7aa333
Environment      : AzureCloud

Subscription already selected - using the subscription: Visual Studio Enterprise with MSDN Id: acfa5b40-305f-49b6-b379-4e68a29c0da7

Name               : [spsms03@hotmail.com, acfa5b40-305f-49b6-b379-4e68a29c0da7]
Account            : spsms03@hotmail.com
Environment        : AzureCloud
Subscription       : acfa5b40-305f-49b6-b379-4e68a29c0da7
Tenant             : 93bf7472-983c-429f-bd89-4cf59c7aa333
TokenCache         : Microsoft.Azure.Commands.Common.Authentication.AuthenticationStoreTokenCache
VersionProfile     :
ExtendedProperties : {}

1    East US
2    West US 2
3    West Europe
4    Southeast Asia

Enter the number corresponding to the Azure region you want to use:
Your Azure region is:  East US
lab startup folder is D:\Temp\MOC20533\Allfiles\Labfiles\Lab07\Starter
**********************
Windows PowerShell transcript end
End time: 20180405100214
**********************
