**********************
Windows PowerShell transcript start
Start time: 20180331031901
Username: ASINGALA-PC\asingala
RunAs User: ASINGALA-PC\asingala
Configuration Name: 
Machine: ASINGALA-PC (Microsoft Windows NT 10.0.16299.0)
Host Application: C:\Windows\System32\WindowsPowerShell\v1.0\powershell.exe
Process ID: 7972
PSVersion: 5.1.16299.251
PSEdition: Desktop
PSCompatibleVersions: 1.0, 2.0, 3.0, 4.0, 5.0, 5.1.16299.251
BuildVersion: 10.0.16299.251
CLRVersion: 4.0.30319.42000
WSManStackVersion: 3.0
PSRemotingProtocolVersion: 2.3
SerializationVersion: 1.1.0.1
**********************
Transcript started, output file is D:\Temp\MOC20533\Allfiles\Logs\New-20533DEnvironment-1.log

Now setting up Lab 1


Account          : spsms03@hotmail.com
SubscriptionName : Visual Studio Enterprise with MSDN
SubscriptionId   : acfa5b40-305f-49b6-b379-4e68a29c0da7
TenantId         : 93bf7472-983c-429f-bd89-4cf59c7aa333
Environment      : AzureCloud

Select-20533DSubscriptionARM : The term 'Select-20533DSubscriptionARM' is not recognized as the name of a cmdlet, 
function, script file, or operable program. Check the spelling of the name, or if a path was included, verify that the 
path is correct and try again.
At D:\Temp\MOC20533\Allfiles\Modules\Add-20533DEnvironment\Add-20533DEnvironment.psm1:59 char:32
+         1 {Add-AzureRmAccount; Select-20533DSubscriptionARM; Select-2 ...
+                                ~~~~~~~~~~~~~~~~~~~~~~~~~~~~
    + CategoryInfo          : ObjectNotFound: (Select-20533DSubscriptionARM:String) [], CommandNotFoundException
    + FullyQualifiedErrorId : CommandNotFoundException
Select-20533DSubscriptionARM : The term 'Select-20533DSubscriptionARM' is not recognized as the name of a cmdlet,
function, script file, or operable program. Check the spelling of the name, or if a path was included, verify that the
path is correct and try again.
At D:\Temp\MOC20533\Allfiles\Modules\Add-20533DEnvironment\Add-20533DEnvironment.psm1:59 char:32
+         1 {Add-AzureRmAccount; Select-20533DSubscriptionARM; Select-2 ...
+                                ~~~~~~~~~~~~~~~~~~~~~~~~~~~~
    + CategoryInfo          : ObjectNotFound: (Select-20533DSubscriptionARM:String) [], CommandNotFoundException
    + FullyQualifiedErrorId : CommandNotFoundException

Select-20533DLocationARM : The term 'Select-20533DLocationARM' is not recognized as the name of a cmdlet, function, 
script file, or operable program. Check the spelling of the name, or if a path was included, verify that the path is 
correct and try again.
At D:\Temp\MOC20533\Allfiles\Modules\Add-20533DEnvironment\Add-20533DEnvironment.psm1:59 char:62
+ ... ureRmAccount; Select-20533DSubscriptionARM; Select-20533DLocationARM}
+                                                 ~~~~~~~~~~~~~~~~~~~~~~~~
    + CategoryInfo          : ObjectNotFound: (Select-20533DLocationARM:String) [], CommandNotFoundException
    + FullyQualifiedErrorId : CommandNotFoundException
Select-20533DLocationARM : The term 'Select-20533DLocationARM' is not recognized as the name of a cmdlet, function,
script file, or operable program. Check the spelling of the name, or if a path was included, verify that the path is
correct and try again.
At D:\Temp\MOC20533\Allfiles\Modules\Add-20533DEnvironment\Add-20533DEnvironment.psm1:59 char:62
+ ... ureRmAccount; Select-20533DSubscriptionARM; Select-20533DLocationARM}
+                                                 ~~~~~~~~~~~~~~~~~~~~~~~~
    + CategoryInfo          : ObjectNotFound: (Select-20533DLocationARM:String) [], CommandNotFoundException
    + FullyQualifiedErrorId : CommandNotFoundException


Lab 1 setup is complete
Started at 03/31/2018 03:19:01
Ended at 03/31/2018 03:19:42

Total elapsed time is 0 minutes

**********************
Windows PowerShell transcript end
End time: 20180331031942
**********************
**********************
Windows PowerShell transcript start
Start time: 20180331033305
Username: ASINGALA-PC\asingala
RunAs User: ASINGALA-PC\asingala
Configuration Name: 
Machine: ASINGALA-PC (Microsoft Windows NT 10.0.16299.0)
Host Application: C:\Windows\System32\WindowsPowerShell\v1.0\powershell.exe
Process ID: 7972
PSVersion: 5.1.16299.251
PSEdition: Desktop
PSCompatibleVersions: 1.0, 2.0, 3.0, 4.0, 5.0, 5.1.16299.251
BuildVersion: 10.0.16299.251
CLRVersion: 4.0.30319.42000
WSManStackVersion: 3.0
PSRemotingProtocolVersion: 2.3
SerializationVersion: 1.1.0.1
**********************
Transcript started, output file is D:\Temp\MOC20533\Allfiles\Logs\New-20533DEnvironment-1.log

Now setting up Lab 1


Account          : spsms03@hotmail.com
SubscriptionName : Visual Studio Enterprise with MSDN
SubscriptionId   : acfa5b40-305f-49b6-b379-4e68a29c0da7
TenantId         : 93bf7472-983c-429f-bd89-4cf59c7aa333
Environment      : AzureCloud

Using the subscription:  Visual Studio Enterprise with MSDN  Id:  acfa5b40-305f-49b6-b379-4e68a29c0da7

Name               : [spsms03@hotmail.com, acfa5b40-305f-49b6-b379-4e68a29c0da7]
Account            : spsms03@hotmail.com
Environment        : AzureCloud
Subscription       : acfa5b40-305f-49b6-b379-4e68a29c0da7
Tenant             : 93bf7472-983c-429f-bd89-4cf59c7aa333
TokenCache         : Microsoft.Azure.Commands.Common.Authentication.AuthenticationStoreTokenCache
VersionProfile     :
ExtendedProperties : {}

1    eastasia
2    southeastasia
3    centralus
4    eastus
5    eastus2
6    westus
7    northcentralus
8    southcentralus
9    northeurope
10    westeurope
11    japanwest
12    japaneast
13    brazilsouth
14    australiaeast
15    australiasoutheast
16    southindia
17    centralindia
18    westindia
19    canadacentral
20    canadaeast
21    uksouth
22    ukwest
23    westcentralus
24    westus2
25    koreacentral
26    koreasouth
27    francecentral
28    francesouth

Enter the number corresponding to the Azure region you want to use:
Your Azure region is:  eastus

Lab 1 setup is complete
Started at 03/31/2018 03:33:05
Ended at 03/31/2018 03:33:47

Total elapsed time is 0 minutes

**********************
Windows PowerShell transcript end
End time: 20180331033347
**********************
**********************
Windows PowerShell transcript start
Start time: 20180402102644
Username: ASINGALA-PC\asingala
RunAs User: ASINGALA-PC\asingala
Configuration Name: 
Machine: ASINGALA-PC (Microsoft Windows NT 10.0.16299.0)
Host Application: C:\Windows\System32\WindowsPowerShell\v1.0\powershell.exe
Process ID: 7972
PSVersion: 5.1.16299.251
PSEdition: Desktop
PSCompatibleVersions: 1.0, 2.0, 3.0, 4.0, 5.0, 5.1.16299.251
BuildVersion: 10.0.16299.251
CLRVersion: 4.0.30319.42000
WSManStackVersion: 3.0
PSRemotingProtocolVersion: 2.3
SerializationVersion: 1.1.0.1
**********************
Transcript started, output file is D:\Temp\MOC20533\Allfiles\Logs\New-20533DEnvironment-1.log

Now setting up Lab 1
Add-AzureRmAccount : authentication_canceled: User canceled authentication
At D:\Temp\MOC20533\Allfiles\Modules\Add-20533DEnvironment\Add-20533DEnvironment.psm1:59 char:12
+         1 {Add-AzureRmAccount; Select-20533DSubscriptionARM; Select-2 ...
+            ~~~~~~~~~~~~~~~~~~
    + CategoryInfo          : CloseError: (:) [Add-AzureRmAccount], AadAuthenticationCanceledException
    + FullyQualifiedErrorId : Microsoft.Azure.Commands.Profile.AddAzureRMAccountCommand
Add-AzureRmAccount : authentication_canceled: User canceled authentication
At D:\Temp\MOC20533\Allfiles\Modules\Add-20533DEnvironment\Add-20533DEnvironment.psm1:59 char:12
+         1 {Add-AzureRmAccount; Select-20533DSubscriptionARM; Select-2 ...
+            ~~~~~~~~~~~~~~~~~~
    + CategoryInfo          : CloseError: (:) [Add-AzureRmAccount], AadAuthenticationCanceledException
    + FullyQualifiedErrorId : Microsoft.Azure.Commands.Profile.AddAzureRMAccountCommand

Using the subscription:  Visual Studio Enterprise with MSDN  Id:  acfa5b40-305f-49b6-b379-4e68a29c0da7


Name             : [spsms03@hotmail.com, acfa5b40-305f-49b6-b379-4e68a29c0da7]
Account          : spsms03@hotmail.com
SubscriptionName : Visual Studio Enterprise with MSDN
TenantId         : 93bf7472-983c-429f-bd89-4cf59c7aa333
Environment      : AzureCloud

1    eastasia
2    southeastasia
3    centralus
4    eastus
5    eastus2
6    westus
7    northcentralus
8    southcentralus
9    northeurope
10    westeurope
11    japanwest
12    japaneast
13    brazilsouth
14    australiaeast
15    australiasoutheast
16    southindia
17    centralindia
18    westindia
19    canadacentral
20    canadaeast
21    uksouth
22    ukwest
23    westcentralus
24    westus2
25    koreacentral
26    koreasouth
27    francecentral
28    francesouth

Enter the number corresponding to the Azure region you want to use:
Your Azure region is:  centralus

Lab 1 setup is complete
Started at 04/02/2018 10:26:44
Ended at 04/02/2018 10:27:44

Total elapsed time is 1 minutes

**********************
Windows PowerShell transcript end
End time: 20180402102744
**********************
