**********************
Windows PowerShell transcript start
Start time: 20180331050100
Username: ASINGALA-PC\asingala
RunAs User: ASINGALA-PC\asingala
Configuration Name: 
Machine: ASINGALA-PC (Microsoft Windows NT 10.0.16299.0)
Host Application: C:\Windows\System32\WindowsPowerShell\v1.0\powershell.exe
Process ID: 7972
PSVersion: 5.1.16299.251
PSEdition: Desktop
PSCompatibleVersions: 1.0, 2.0, 3.0, 4.0, 5.0, 5.1.16299.251
BuildVersion: 10.0.16299.251
CLRVersion: 4.0.30319.42000
WSManStackVersion: 3.0
PSRemotingProtocolVersion: 2.3
SerializationVersion: 1.1.0.1
**********************
Transcript started, output file is D:\Temp\MOC20533\Allfiles\Logs\New-20533DEnvironment-2.log

Now setting up Lab 2


Account          : spsms03@hotmail.com
SubscriptionName : Visual Studio Enterprise with MSDN
SubscriptionId   : acfa5b40-305f-49b6-b379-4e68a29c0da7
TenantId         : 93bf7472-983c-429f-bd89-4cf59c7aa333
Environment      : AzureCloud

Using the subscription:  Visual Studio Enterprise with MSDN  Id:  acfa5b40-305f-49b6-b379-4e68a29c0da7

Name               : [spsms03@hotmail.com, acfa5b40-305f-49b6-b379-4e68a29c0da7]
Account            : spsms03@hotmail.com
Environment        : AzureCloud
Subscription       : acfa5b40-305f-49b6-b379-4e68a29c0da7
Tenant             : 93bf7472-983c-429f-bd89-4cf59c7aa333
TokenCache         : Microsoft.Azure.Commands.Common.Authentication.AuthenticationStoreTokenCache
VersionProfile     :
ExtendedProperties : {}

1    eastasia
2    southeastasia
3    centralus
4    eastus
5    eastus2
6    westus
7    northcentralus
8    southcentralus
9    northeurope
10    westeurope
11    japanwest
12    japaneast
13    brazilsouth
14    australiaeast
15    australiasoutheast
16    southindia
17    centralindia
18    westindia
19    canadacentral
20    canadaeast
21    uksouth
22    ukwest
23    westcentralus
24    westus2
25    koreacentral
26    koreasouth
27    francecentral
28    francesouth

Enter the number corresponding to the Azure region you want to use:
Your Azure region is:  westus
lab startup folder is E:\Labfiles\Lab02\Starter
VERBOSE: Performing the operation "Replacing resource group ..." on target "".
VERBOSE: 05:33:09 - Created resource group '20533D0201-LabRG' in location 'westus'

ResourceGroupName : 20533D0201-LabRG
Location          : westus
ProvisioningState : Succeeded
Tags              :
TagsTable         :
ResourceId        : /subscriptions/acfa5b40-305f-49b6-b379-4e68a29c0da7/resourceGroups/20533D0201-LabRG

VERBOSE: Performing the operation "Creating Deployment" on target "20533D0201-LabRG".
VERBOSE: 05:36:57 - Template is valid.
VERBOSE: 05:37:05 - Create template deployment 'azuredeployvm1-0331-0933'
VERBOSE: 05:37:05 - Checking deployment status in 5 seconds
VERBOSE: 05:37:12 - Checking deployment status in 5 seconds
VERBOSE: 05:37:18 - Resource Microsoft.Network/networkSecurityGroups '20533D0201-nsg1' provisioning status is running
VERBOSE: 05:37:18 - Resource Microsoft.Network/networkSecurityGroups '20533D0201-nsg2' provisioning status is running
VERBOSE: 05:37:18 - Resource Microsoft.Storage/storageAccounts '20533d0201dfmtebbrqeudq' provisioning status is running
VERBOSE: 05:37:19 - Checking deployment status in 15 seconds
VERBOSE: 05:37:35 - Resource Microsoft.Network/publicIpAddresses '20533D0201-pip2' provisioning status is succeeded
VERBOSE: 05:37:35 - Resource Microsoft.Network/publicIpAddresses '20533D0201-pip1' provisioning status is succeeded
VERBOSE: 05:37:35 - Resource Microsoft.Network/virtualNetworks '20533D0201-vnet' provisioning status is succeeded
VERBOSE: 05:37:35 - Resource Microsoft.Network/networkSecurityGroups '20533D0201-nsg1' provisioning status is succeeded
VERBOSE: 05:37:35 - Resource Microsoft.Network/networkSecurityGroups '20533D0201-nsg2' provisioning status is succeeded
VERBOSE: 05:37:36 - Checking deployment status in 5 seconds
VERBOSE: 05:37:43 - Checking deployment status in 5 seconds
VERBOSE: 05:37:49 - Resource Microsoft.Network/networkInterfaces '20533D0201-nic1' provisioning status is succeeded
VERBOSE: 05:37:49 - Resource Microsoft.Network/networkInterfaces '20533D0201-nic2' provisioning status is succeeded
VERBOSE: 05:37:49 - Resource Microsoft.Storage/storageAccounts '20533d0201dfmtebbrqeudq' provisioning status is succeeded
VERBOSE: 05:37:49 - Checking deployment status in 5 seconds
VERBOSE: 05:37:56 - Resource Microsoft.Storage/storageAccounts '20533d0201dfmtebbrqeudq' provisioning status is succeeded
VERBOSE: 05:37:56 - Checking deployment status in 5 seconds
VERBOSE: 05:38:03 - Checking deployment status in 5 seconds
VERBOSE: 05:38:10 - Checking deployment status in 5 seconds
VERBOSE: 05:38:16 - Resource Microsoft.Compute/virtualMachines '20533D0201-vm1' provisioning status is running
VERBOSE: 05:38:16 - Resource Microsoft.Compute/virtualMachines '20533D0201-vm2' provisioning status is running
VERBOSE: 05:38:17 - Checking deployment status in 5 seconds
VERBOSE: 05:38:24 - Checking deployment status in 5 seconds
VERBOSE: 05:38:30 - Checking deployment status in 5 seconds
VERBOSE: 05:38:37 - Checking deployment status in 5 seconds
VERBOSE: 05:38:44 - Checking deployment status in 5 seconds
VERBOSE: 05:38:51 - Checking deployment status in 5 seconds
VERBOSE: 05:38:57 - Checking deployment status in 5 seconds
VERBOSE: 05:39:04 - Checking deployment status in 5 seconds
VERBOSE: 05:39:11 - Checking deployment status in 5 seconds
VERBOSE: 05:39:18 - Checking deployment status in 5 seconds
VERBOSE: 05:39:25 - Checking deployment status in 5 seconds
VERBOSE: 05:39:31 - Checking deployment status in 5 seconds
VERBOSE: 05:39:38 - Checking deployment status in 5 seconds
VERBOSE: 05:39:45 - Checking deployment status in 5 seconds
VERBOSE: 05:39:52 - Checking deployment status in 5 seconds
VERBOSE: 05:39:58 - Checking deployment status in 5 seconds
VERBOSE: 05:40:05 - Checking deployment status in 5 seconds
VERBOSE: 05:40:12 - Checking deployment status in 5 seconds
VERBOSE: 05:40:19 - Checking deployment status in 5 seconds
VERBOSE: 05:40:25 - Checking deployment status in 5 seconds
VERBOSE: 05:40:32 - Checking deployment status in 5 seconds
VERBOSE: 05:40:39 - Checking deployment status in 5 seconds
VERBOSE: 05:40:46 - Checking deployment status in 5 seconds
VERBOSE: 05:40:53 - Checking deployment status in 5 seconds
VERBOSE: 05:40:59 - Checking deployment status in 5 seconds
VERBOSE: 05:41:06 - Checking deployment status in 5 seconds
VERBOSE: 05:41:13 - Checking deployment status in 5 seconds
VERBOSE: 05:41:20 - Checking deployment status in 5 seconds
VERBOSE: 05:41:26 - Checking deployment status in 5 seconds
VERBOSE: 05:41:33 - Checking deployment status in 5 seconds
VERBOSE: 05:41:40 - Checking deployment status in 5 seconds
VERBOSE: 05:41:47 - Checking deployment status in 5 seconds
VERBOSE: 05:41:53 - Checking deployment status in 5 seconds
VERBOSE: 05:42:00 - Checking deployment status in 5 seconds
VERBOSE: 05:42:07 - Checking deployment status in 5 seconds
VERBOSE: 05:42:14 - Checking deployment status in 5 seconds
VERBOSE: 05:42:20 - Checking deployment status in 5 seconds
VERBOSE: 05:42:27 - Checking deployment status in 5 seconds
VERBOSE: 05:42:34 - Checking deployment status in 5 seconds
VERBOSE: 05:42:41 - Checking deployment status in 5 seconds
VERBOSE: 05:42:47 - Checking deployment status in 5 seconds
VERBOSE: 05:42:54 - Checking deployment status in 5 seconds
VERBOSE: 05:43:01 - Checking deployment status in 5 seconds
VERBOSE: 05:43:08 - Checking deployment status in 5 seconds
VERBOSE: 05:43:15 - Checking deployment status in 5 seconds
VERBOSE: 05:43:21 - Checking deployment status in 5 seconds
VERBOSE: 05:43:28 - Checking deployment status in 5 seconds
VERBOSE: 05:43:35 - Checking deployment status in 5 seconds
VERBOSE: 05:43:42 - Checking deployment status in 5 seconds
VERBOSE: 05:43:48 - Checking deployment status in 5 seconds
VERBOSE: 05:43:55 - Checking deployment status in 5 seconds
VERBOSE: 05:44:02 - Checking deployment status in 5 seconds
VERBOSE: 05:44:09 - Checking deployment status in 5 seconds
VERBOSE: 05:44:16 - Checking deployment status in 5 seconds
VERBOSE: 05:44:23 - Checking deployment status in 5 seconds
VERBOSE: 05:44:29 - Checking deployment status in 5 seconds
VERBOSE: 05:44:36 - Checking deployment status in 5 seconds
VERBOSE: 05:44:43 - Checking deployment status in 5 seconds
VERBOSE: 05:44:50 - Checking deployment status in 5 seconds
VERBOSE: 05:44:57 - Checking deployment status in 5 seconds
VERBOSE: 05:45:04 - Checking deployment status in 5 seconds
VERBOSE: 05:45:11 - Checking deployment status in 5 seconds
VERBOSE: 05:45:18 - Checking deployment status in 5 seconds
VERBOSE: 05:45:25 - Checking deployment status in 5 seconds
VERBOSE: 05:45:32 - Checking deployment status in 5 seconds
VERBOSE: 05:45:38 - Checking deployment status in 5 seconds
VERBOSE: 05:45:45 - Checking deployment status in 5 seconds
VERBOSE: 05:45:52 - Checking deployment status in 5 seconds
VERBOSE: 05:45:59 - Checking deployment status in 5 seconds
VERBOSE: 05:46:07 - Resource Microsoft.Compute/virtualMachines '20533D0201-vm1' provisioning status is succeeded
VERBOSE: 05:46:07 - Checking deployment status in 5 seconds
VERBOSE: 05:46:14 - Checking deployment status in 5 seconds
VERBOSE: 05:46:21 - Checking deployment status in 5 seconds
VERBOSE: 05:46:28 - Checking deployment status in 5 seconds
VERBOSE: 05:46:34 - Resource Microsoft.Compute/virtualMachines '20533D0201-vm2' provisioning status is succeeded
VERBOSE: 05:46:34 - Checking deployment status in 5 seconds

DeploymentName          : azuredeployvm1-0331-0933
CorrelationId           : da665f34-4f67-4224-bba1-ca2bc2f38a45
ResourceGroupName       : 20533D0201-LabRG
ProvisioningState       : Succeeded
Timestamp               : 31-03-2018 09:46:38
Mode                    : Incremental
TemplateLink            :
TemplateLinkString      :
DeploymentDebugLogLevel :
Parameters              : {[virtualMachineSize,
                          Microsoft.Azure.Commands.ResourceManager.Cmdlets.SdkModels.DeploymentVariable],
                          [virtualMachine1Name,
                          Microsoft.Azure.Commands.ResourceManager.Cmdlets.SdkModels.DeploymentVariable],
                          [virtualMachine2Name,
                          Microsoft.Azure.Commands.ResourceManager.Cmdlets.SdkModels.DeploymentVariable],
                          [adminUsername,
                          Microsoft.Azure.Commands.ResourceManager.Cmdlets.SdkModels.DeploymentVariable]...}
ParametersString        :
                          Name             Type                       Value
                          ===============  =========================  ==========
                          virtualMachineSize  String                     Standard_A1
                          virtualMachine1Name  String                     20533D0201-vm1
                          virtualMachine2Name  String                     20533D0201-vm2
                          adminUsername    String                     Student
                          adminPassword    SecureString
                          storageAccountType  String                     Standard_LRS
                          virtualNetworkName  String                     20533D0201-vnet

Outputs                 : {}
OutputsString           :

lab startup folder is E:\Labfiles\Lab02\Starter
VERBOSE: Performing the operation "Replacing resource group ..." on target "".
VERBOSE: 05:46:51 - Created resource group '20533D0202-LabRG' in location 'westus'

ResourceGroupName : 20533D0202-LabRG
Location          : westus
ProvisioningState : Succeeded
Tags              :
TagsTable         :
ResourceId        : /subscriptions/acfa5b40-305f-49b6-b379-4e68a29c0da7/resourceGroups/20533D0202-LabRG

VERBOSE: Performing the operation "Creating Deployment" on target "20533D0202-LabRG".
VERBOSE: 05:50:12 - Template is valid.
VERBOSE: 05:50:19 - Create template deployment 'azuredeployvm2-0331-0946'
VERBOSE: 05:50:19 - Checking deployment status in 5 seconds
VERBOSE: 05:50:26 - Checking deployment status in 5 seconds
VERBOSE: 05:50:33 - Resource Microsoft.Network/networkSecurityGroups '20533D0202-nsg1' provisioning status is running
VERBOSE: 05:50:33 - Resource Microsoft.Storage/storageAccounts 'diagsldly25ii3xyte' provisioning status is running
VERBOSE: 05:50:34 - Checking deployment status in 14 seconds
VERBOSE: 05:50:49 - Resource Microsoft.Network/publicIpAddresses '20533D0202-pip1' provisioning status is succeeded
VERBOSE: 05:50:49 - Resource Microsoft.Network/virtualNetworks '20533D0202-vnet' provisioning status is succeeded
VERBOSE: 05:50:49 - Resource Microsoft.Network/networkSecurityGroups '20533D0202-nsg1' provisioning status is succeeded
VERBOSE: 05:50:50 - Checking deployment status in 5 seconds
VERBOSE: 05:50:56 - Checking deployment status in 5 seconds
VERBOSE: 05:51:03 - Resource Microsoft.Network/networkInterfaces '20533D0202-nic1' provisioning status is succeeded
VERBOSE: 05:51:03 - Resource Microsoft.Storage/storageAccounts 'diagsldly25ii3xyte' provisioning status is succeeded
VERBOSE: 05:51:03 - Checking deployment status in 5 seconds
VERBOSE: 05:51:09 - Resource Microsoft.Storage/storageAccounts 'diagsldly25ii3xyte' provisioning status is succeeded
VERBOSE: 05:51:10 - Checking deployment status in 5 seconds
VERBOSE: 05:51:17 - Checking deployment status in 5 seconds
VERBOSE: 05:51:23 - Resource Microsoft.Compute/virtualMachines '20533D0202-vm1' provisioning status is running
VERBOSE: 05:51:23 - Checking deployment status in 8 seconds
VERBOSE: 05:51:33 - Checking deployment status in 5 seconds
VERBOSE: 05:51:40 - Checking deployment status in 5 seconds
VERBOSE: 05:51:46 - Checking deployment status in 5 seconds
VERBOSE: 05:51:53 - Checking deployment status in 5 seconds
VERBOSE: 05:52:00 - Checking deployment status in 5 seconds
VERBOSE: 05:52:07 - Checking deployment status in 5 seconds
VERBOSE: 05:52:13 - Checking deployment status in 5 seconds
VERBOSE: 05:52:20 - Checking deployment status in 5 seconds
VERBOSE: 05:52:27 - Checking deployment status in 5 seconds
VERBOSE: 05:52:33 - Checking deployment status in 5 seconds
VERBOSE: 05:52:40 - Checking deployment status in 5 seconds
VERBOSE: 05:52:47 - Checking deployment status in 5 seconds
VERBOSE: 05:52:53 - Checking deployment status in 5 seconds
VERBOSE: 05:53:00 - Checking deployment status in 5 seconds
VERBOSE: 05:53:07 - Checking deployment status in 5 seconds
VERBOSE: 05:53:13 - Checking deployment status in 5 seconds
VERBOSE: 05:53:20 - Checking deployment status in 5 seconds
VERBOSE: 05:53:27 - Checking deployment status in 5 seconds
VERBOSE: 05:53:34 - Checking deployment status in 5 seconds
VERBOSE: 05:53:40 - Checking deployment status in 5 seconds
VERBOSE: 05:53:47 - Checking deployment status in 5 seconds
VERBOSE: 05:53:54 - Checking deployment status in 5 seconds
VERBOSE: 05:54:00 - Checking deployment status in 5 seconds
VERBOSE: 05:54:07 - Checking deployment status in 5 seconds
VERBOSE: 05:54:14 - Checking deployment status in 5 seconds
VERBOSE: 05:54:21 - Checking deployment status in 5 seconds
VERBOSE: 05:54:27 - Checking deployment status in 5 seconds
VERBOSE: 05:54:34 - Checking deployment status in 5 seconds
VERBOSE: 05:54:41 - Checking deployment status in 5 seconds
VERBOSE: 05:54:47 - Checking deployment status in 5 seconds
VERBOSE: 05:54:54 - Checking deployment status in 5 seconds
VERBOSE: 05:55:01 - Checking deployment status in 5 seconds
VERBOSE: 05:55:07 - Checking deployment status in 5 seconds
VERBOSE: 05:55:14 - Checking deployment status in 5 seconds
VERBOSE: 05:55:21 - Checking deployment status in 5 seconds
VERBOSE: 05:55:28 - Checking deployment status in 5 seconds
VERBOSE: 05:55:34 - Checking deployment status in 5 seconds
VERBOSE: 05:55:41 - Checking deployment status in 5 seconds
VERBOSE: 05:55:48 - Checking deployment status in 5 seconds
VERBOSE: 05:55:54 - Checking deployment status in 5 seconds
VERBOSE: 05:56:01 - Checking deployment status in 5 seconds
VERBOSE: 05:56:08 - Checking deployment status in 5 seconds
VERBOSE: 05:56:15 - Checking deployment status in 5 seconds
VERBOSE: 05:56:22 - Checking deployment status in 5 seconds
VERBOSE: 05:56:28 - Checking deployment status in 5 seconds
VERBOSE: 05:56:35 - Checking deployment status in 5 seconds
VERBOSE: 05:56:42 - Checking deployment status in 5 seconds
VERBOSE: 05:56:48 - Checking deployment status in 5 seconds
VERBOSE: 05:56:55 - Checking deployment status in 5 seconds
VERBOSE: 05:57:02 - Checking deployment status in 5 seconds
VERBOSE: 05:57:08 - Checking deployment status in 5 seconds
VERBOSE: 05:57:15 - Checking deployment status in 5 seconds
VERBOSE: 05:57:22 - Checking deployment status in 5 seconds
VERBOSE: 05:57:29 - Checking deployment status in 5 seconds
VERBOSE: 05:57:35 - Checking deployment status in 5 seconds
VERBOSE: 05:57:42 - Checking deployment status in 5 seconds
VERBOSE: 05:57:49 - Checking deployment status in 5 seconds
VERBOSE: 05:57:55 - Checking deployment status in 5 seconds
VERBOSE: 05:58:02 - Checking deployment status in 5 seconds
VERBOSE: 05:58:09 - Checking deployment status in 5 seconds
VERBOSE: 05:58:16 - Checking deployment status in 5 seconds
VERBOSE: 05:58:22 - Checking deployment status in 5 seconds
VERBOSE: 05:58:29 - Resource Microsoft.Compute/virtualMachines '20533D0202-vm1' provisioning status is succeeded

DeploymentName          : azuredeployvm2-0331-0946
CorrelationId           : 95e32dda-60b5-48f2-b512-ebb88979a5a0
ResourceGroupName       : 20533D0202-LabRG
ProvisioningState       : Succeeded
Timestamp               : 31-03-2018 09:58:23
Mode                    : Incremental
TemplateLink            :
TemplateLinkString      :
DeploymentDebugLogLevel :
Parameters              : {[virtualMachineSize,
                          Microsoft.Azure.Commands.ResourceManager.Cmdlets.SdkModels.DeploymentVariable],
                          [virtualMachineName,
                          Microsoft.Azure.Commands.ResourceManager.Cmdlets.SdkModels.DeploymentVariable],
                          [adminUsername,
                          Microsoft.Azure.Commands.ResourceManager.Cmdlets.SdkModels.DeploymentVariable],
                          [adminPassword,
                          Microsoft.Azure.Commands.ResourceManager.Cmdlets.SdkModels.DeploymentVariable]...}
ParametersString        :
                          Name             Type                       Value
                          ===============  =========================  ==========
                          virtualMachineSize  String                     Standard_A1
                          virtualMachineName  String                     20533D0202-vm1
                          adminUsername    String                     Student
                          adminPassword    SecureString
                          storageAccountType  String                     Standard_LRS
                          virtualNetworkName  String                     20533D0202-vnet

Outputs                 : {}
OutputsString           :


Lab 2 setup is complete
Started at 03/31/2018 05:01:00
Ended at 03/31/2018 05:58:30

Total elapsed time is 57 minutes

**********************
Windows PowerShell transcript end
End time: 20180331055830
**********************
**********************
Windows PowerShell transcript start
Start time: 20180402152318
Username: ASINGALA-PC\asingala
RunAs User: ASINGALA-PC\asingala
Configuration Name: 
Machine: ASINGALA-PC (Microsoft Windows NT 10.0.16299.0)
Host Application: C:\Windows\System32\WindowsPowerShell\v1.0\powershell.exe
Process ID: 7972
PSVersion: 5.1.16299.251
PSEdition: Desktop
PSCompatibleVersions: 1.0, 2.0, 3.0, 4.0, 5.0, 5.1.16299.251
BuildVersion: 10.0.16299.251
CLRVersion: 4.0.30319.42000
WSManStackVersion: 3.0
PSRemotingProtocolVersion: 2.3
SerializationVersion: 1.1.0.1
**********************
Transcript started, output file is D:\Temp\MOC20533\Allfiles\Logs\New-20533DEnvironment-2.log

Now setting up Lab 2


Account          : spsms03@hotmail.com
SubscriptionName : Visual Studio Enterprise with MSDN
SubscriptionId   : acfa5b40-305f-49b6-b379-4e68a29c0da7
TenantId         : 93bf7472-983c-429f-bd89-4cf59c7aa333
Environment      : AzureCloud

Using the subscription:  Visual Studio Enterprise with MSDN  Id:  acfa5b40-305f-49b6-b379-4e68a29c0da7

Name               : [spsms03@hotmail.com, acfa5b40-305f-49b6-b379-4e68a29c0da7]
Account            : spsms03@hotmail.com
Environment        : AzureCloud
Subscription       : acfa5b40-305f-49b6-b379-4e68a29c0da7
Tenant             : 93bf7472-983c-429f-bd89-4cf59c7aa333
TokenCache         : Microsoft.Azure.Commands.Common.Authentication.AuthenticationStoreTokenCache
VersionProfile     :
ExtendedProperties : {}

1    eastasia
2    southeastasia
3    centralus
4    eastus
5    eastus2
6    westus
7    northcentralus
8    southcentralus
9    northeurope
10    westeurope
11    japanwest
12    japaneast
13    brazilsouth
14    australiaeast
15    australiasoutheast
16    southindia
17    centralindia
18    westindia
19    canadacentral
20    canadaeast
21    uksouth
22    ukwest
23    westcentralus
24    westus2
25    koreacentral
26    koreasouth
27    francecentral
28    francesouth

Enter the number corresponding to the Azure region you want to use:
Your Azure region is:  centralus
lab startup folder is E:\Labfiles\Lab02\Starter
VERBOSE: Performing the operation "Replacing resource group ..." on target "".
VERBOSE: 15:24:09 - Created resource group '20533D0201-LabRG' in location 'centralus'

ResourceGroupName : 20533D0201-LabRG
Location          : centralus
ProvisioningState : Succeeded
Tags              :
TagsTable         :
ResourceId        : /subscriptions/acfa5b40-305f-49b6-b379-4e68a29c0da7/resourceGroups/20533D0201-LabRG

VERBOSE: Performing the operation "Creating Deployment" on target "20533D0201-LabRG".
VERBOSE: 15:24:36 - Template is valid.
VERBOSE: 15:24:41 - Create template deployment 'azuredeployvm1-0402-1924'
VERBOSE: 15:24:41 - Checking deployment status in 5 seconds
VERBOSE: 15:24:49 - Checking deployment status in 5 seconds
VERBOSE: 15:24:55 - Resource Microsoft.Storage/storageAccounts '20533d0201dfmtebbrqeudq' provisioning status is running
VERBOSE: 15:24:55 - Checking deployment status in 17 seconds
VERBOSE: 15:25:13 - Resource Microsoft.Network/virtualNetworks '20533D0201-vnet' provisioning status is succeeded
VERBOSE: 15:25:13 - Resource Microsoft.Network/publicIpAddresses '20533D0201-pip2' provisioning status is succeeded
VERBOSE: 15:25:13 - Resource Microsoft.Network/publicIpAddresses '20533D0201-pip1' provisioning status is succeeded
VERBOSE: 15:25:13 - Resource Microsoft.Network/networkSecurityGroups '20533D0201-nsg1' provisioning status is succeeded
VERBOSE: 15:25:13 - Resource Microsoft.Network/networkSecurityGroups '20533D0201-nsg2' provisioning status is succeeded
VERBOSE: 15:25:14 - Checking deployment status in 5 seconds
VERBOSE: 15:25:20 - Resource Microsoft.Network/networkInterfaces '20533D0201-nic1' provisioning status is succeeded
VERBOSE: 15:25:20 - Resource Microsoft.Network/networkInterfaces '20533D0201-nic2' provisioning status is succeeded
VERBOSE: 15:25:20 - Resource Microsoft.Storage/storageAccounts '20533d0201dfmtebbrqeudq' provisioning status is succeeded
VERBOSE: 15:25:21 - Checking deployment status in 5 seconds
VERBOSE: 15:25:27 - Resource Microsoft.Storage/storageAccounts '20533d0201dfmtebbrqeudq' provisioning status is succeeded
VERBOSE: 15:25:27 - Checking deployment status in 5 seconds
VERBOSE: 15:25:34 - Checking deployment status in 5 seconds
VERBOSE: 15:25:40 - Resource Microsoft.Compute/virtualMachines '20533D0201-vm2' provisioning status is running
VERBOSE: 15:25:40 - Resource Microsoft.Compute/virtualMachines '20533D0201-vm1' provisioning status is running
VERBOSE: 15:25:40 - Checking deployment status in 7 seconds
VERBOSE: 15:25:49 - Checking deployment status in 5 seconds
VERBOSE: 15:25:55 - Checking deployment status in 5 seconds
VERBOSE: 15:26:02 - Checking deployment status in 5 seconds
VERBOSE: 15:26:09 - Checking deployment status in 5 seconds
VERBOSE: 15:26:16 - Checking deployment status in 5 seconds
VERBOSE: 15:26:22 - Checking deployment status in 5 seconds
VERBOSE: 15:26:29 - Checking deployment status in 5 seconds
VERBOSE: 15:26:35 - Checking deployment status in 5 seconds
VERBOSE: 15:26:42 - Checking deployment status in 5 seconds
VERBOSE: 15:26:49 - Checking deployment status in 5 seconds
VERBOSE: 15:26:55 - Checking deployment status in 5 seconds
VERBOSE: 15:27:02 - Checking deployment status in 5 seconds
VERBOSE: 15:27:08 - Checking deployment status in 5 seconds
VERBOSE: 15:27:15 - Checking deployment status in 5 seconds
VERBOSE: 15:27:21 - Checking deployment status in 5 seconds
VERBOSE: 15:27:28 - Checking deployment status in 5 seconds
VERBOSE: 15:27:34 - Checking deployment status in 5 seconds
VERBOSE: 15:27:41 - Checking deployment status in 5 seconds
VERBOSE: 15:27:48 - Checking deployment status in 5 seconds
VERBOSE: 15:27:54 - Checking deployment status in 5 seconds
VERBOSE: 15:28:01 - Checking deployment status in 5 seconds
VERBOSE: 15:28:08 - Checking deployment status in 5 seconds
VERBOSE: 15:28:14 - Checking deployment status in 5 seconds
VERBOSE: 15:28:21 - Checking deployment status in 5 seconds
VERBOSE: 15:28:27 - Checking deployment status in 5 seconds
VERBOSE: 15:28:34 - Checking deployment status in 5 seconds
VERBOSE: 15:28:40 - Checking deployment status in 5 seconds
VERBOSE: 15:28:47 - Checking deployment status in 5 seconds
VERBOSE: 15:28:53 - Checking deployment status in 5 seconds
VERBOSE: 15:29:00 - Checking deployment status in 5 seconds
VERBOSE: 15:29:06 - Checking deployment status in 5 seconds
VERBOSE: 15:29:13 - Checking deployment status in 5 seconds
VERBOSE: 15:29:19 - Checking deployment status in 5 seconds
VERBOSE: 15:29:26 - Checking deployment status in 5 seconds
VERBOSE: 15:29:32 - Checking deployment status in 5 seconds
VERBOSE: 15:29:38 - Checking deployment status in 5 seconds
VERBOSE: 15:29:45 - Checking deployment status in 5 seconds
VERBOSE: 15:29:52 - Checking deployment status in 5 seconds
VERBOSE: 15:29:58 - Checking deployment status in 5 seconds
VERBOSE: 15:30:05 - Checking deployment status in 5 seconds
VERBOSE: 15:30:11 - Checking deployment status in 5 seconds
VERBOSE: 15:30:18 - Checking deployment status in 5 seconds
VERBOSE: 15:30:24 - Checking deployment status in 5 seconds
VERBOSE: 15:30:31 - Checking deployment status in 5 seconds
VERBOSE: 15:30:37 - Checking deployment status in 5 seconds
VERBOSE: 15:30:43 - Resource Microsoft.Compute/virtualMachines '20533D0201-vm2' provisioning status is succeeded
VERBOSE: 15:30:44 - Checking deployment status in 5 seconds
VERBOSE: 15:30:50 - Checking deployment status in 5 seconds
VERBOSE: 15:30:57 - Checking deployment status in 5 seconds
VERBOSE: 15:31:03 - Checking deployment status in 5 seconds
VERBOSE: 15:31:10 - Checking deployment status in 5 seconds
VERBOSE: 15:31:17 - Checking deployment status in 5 seconds
VERBOSE: 15:31:23 - Checking deployment status in 5 seconds
VERBOSE: 15:31:30 - Checking deployment status in 5 seconds
VERBOSE: 15:31:36 - Checking deployment status in 5 seconds
VERBOSE: 15:31:43 - Checking deployment status in 5 seconds
VERBOSE: 15:31:49 - Checking deployment status in 5 seconds
VERBOSE: 15:31:56 - Checking deployment status in 5 seconds
VERBOSE: 15:32:02 - Checking deployment status in 5 seconds
VERBOSE: 15:32:09 - Checking deployment status in 5 seconds
VERBOSE: 15:32:15 - Checking deployment status in 5 seconds
VERBOSE: 15:32:22 - Checking deployment status in 5 seconds
VERBOSE: 15:32:28 - Checking deployment status in 5 seconds
VERBOSE: 15:32:35 - Checking deployment status in 5 seconds
VERBOSE: 15:32:41 - Checking deployment status in 5 seconds
VERBOSE: 15:32:48 - Checking deployment status in 5 seconds
VERBOSE: 15:32:54 - Resource Microsoft.Compute/virtualMachines '20533D0201-vm1' provisioning status is succeeded
VERBOSE: 15:32:54 - Checking deployment status in 5 seconds

DeploymentName          : azuredeployvm1-0402-1924
CorrelationId           : 905d3940-1329-4263-9613-4b43b8e93b50
ResourceGroupName       : 20533D0201-LabRG
ProvisioningState       : Succeeded
Timestamp               : 02-04-2018 19:32:59
Mode                    : Incremental
TemplateLink            :
TemplateLinkString      :
DeploymentDebugLogLevel :
Parameters              : {[virtualMachineSize,
                          Microsoft.Azure.Commands.ResourceManager.Cmdlets.SdkModels.DeploymentVariable],
                          [virtualMachine1Name,
                          Microsoft.Azure.Commands.ResourceManager.Cmdlets.SdkModels.DeploymentVariable],
                          [virtualMachine2Name,
                          Microsoft.Azure.Commands.ResourceManager.Cmdlets.SdkModels.DeploymentVariable],
                          [adminUsername,
                          Microsoft.Azure.Commands.ResourceManager.Cmdlets.SdkModels.DeploymentVariable]...}
ParametersString        :
                          Name             Type                       Value
                          ===============  =========================  ==========
                          virtualMachineSize  String                     Standard_A1
                          virtualMachine1Name  String                     20533D0201-vm1
                          virtualMachine2Name  String                     20533D0201-vm2
                          adminUsername    String                     Student
                          adminPassword    SecureString
                          storageAccountType  String                     Standard_LRS
                          virtualNetworkName  String                     20533D0201-vnet

Outputs                 : {}
OutputsString           :

lab startup folder is E:\Labfiles\Lab02\Starter
VERBOSE: Performing the operation "Replacing resource group ..." on target "".
VERBOSE: 15:33:08 - Created resource group '20533D0202-LabRG' in location 'centralus'

ResourceGroupName : 20533D0202-LabRG
Location          : centralus
ProvisioningState : Succeeded
Tags              :
TagsTable         :
ResourceId        : /subscriptions/acfa5b40-305f-49b6-b379-4e68a29c0da7/resourceGroups/20533D0202-LabRG

VERBOSE: Performing the operation "Creating Deployment" on target "20533D0202-LabRG".
VERBOSE: 16:04:29 - Template is valid.
VERBOSE: 16:04:34 - Create template deployment 'azuredeployvm2-0402-1933'
VERBOSE: 16:04:34 - Checking deployment status in 5 seconds
VERBOSE: 16:04:41 - Checking deployment status in 5 seconds
VERBOSE: 16:04:47 - Resource Microsoft.Storage/storageAccounts 'diagsldly25ii3xyte' provisioning status is running
VERBOSE: 16:04:48 - Checking deployment status in 16 seconds
VERBOSE: 16:05:05 - Resource Microsoft.Network/publicIpAddresses '20533D0202-pip1' provisioning status is succeeded
VERBOSE: 16:05:05 - Resource Microsoft.Network/virtualNetworks '20533D0202-vnet' provisioning status is succeeded
VERBOSE: 16:05:05 - Resource Microsoft.Network/networkSecurityGroups '20533D0202-nsg1' provisioning status is succeeded
VERBOSE: 16:05:05 - Checking deployment status in 5 seconds
VERBOSE: 16:05:11 - Resource Microsoft.Network/networkInterfaces '20533D0202-nic1' provisioning status is succeeded
VERBOSE: 16:05:12 - Checking deployment status in 5 seconds
VERBOSE: 16:05:18 - Resource Microsoft.Storage/storageAccounts 'diagsldly25ii3xyte' provisioning status is succeeded
VERBOSE: 16:05:18 - Resource Microsoft.Storage/storageAccounts 'diagsldly25ii3xyte' provisioning status is succeeded
VERBOSE: 16:05:18 - Checking deployment status in 5 seconds
VERBOSE: 16:05:25 - Checking deployment status in 5 seconds
VERBOSE: 16:05:31 - Resource Microsoft.Compute/virtualMachines '20533D0202-vm1' provisioning status is running
VERBOSE: 16:05:31 - Checking deployment status in 9 seconds
VERBOSE: 16:05:42 - Checking deployment status in 5 seconds
VERBOSE: 16:05:48 - Checking deployment status in 5 seconds
VERBOSE: 16:05:55 - Checking deployment status in 5 seconds
VERBOSE: 16:06:01 - Checking deployment status in 5 seconds
VERBOSE: 16:06:08 - Checking deployment status in 5 seconds
VERBOSE: 16:06:15 - Checking deployment status in 5 seconds
VERBOSE: 16:06:21 - Checking deployment status in 5 seconds
VERBOSE: 16:06:28 - Checking deployment status in 5 seconds
VERBOSE: 16:06:34 - Checking deployment status in 5 seconds
VERBOSE: 16:06:41 - Checking deployment status in 5 seconds
VERBOSE: 16:06:47 - Checking deployment status in 5 seconds
VERBOSE: 16:06:54 - Checking deployment status in 5 seconds
VERBOSE: 16:07:00 - Checking deployment status in 5 seconds
VERBOSE: 16:07:07 - Checking deployment status in 5 seconds
VERBOSE: 16:07:13 - Checking deployment status in 5 seconds
VERBOSE: 16:07:20 - Checking deployment status in 5 seconds
VERBOSE: 16:07:26 - Checking deployment status in 5 seconds
VERBOSE: 16:07:33 - Checking deployment status in 5 seconds
VERBOSE: 16:07:39 - Checking deployment status in 5 seconds
VERBOSE: 16:07:46 - Checking deployment status in 5 seconds
VERBOSE: 16:07:52 - Checking deployment status in 5 seconds
VERBOSE: 16:07:59 - Checking deployment status in 5 seconds
VERBOSE: 16:08:05 - Checking deployment status in 5 seconds
VERBOSE: 16:08:12 - Checking deployment status in 5 seconds
VERBOSE: 16:08:18 - Checking deployment status in 5 seconds
VERBOSE: 16:08:25 - Checking deployment status in 5 seconds
VERBOSE: 16:08:32 - Checking deployment status in 5 seconds
VERBOSE: 16:08:38 - Checking deployment status in 5 seconds
VERBOSE: 16:08:45 - Checking deployment status in 5 seconds
VERBOSE: 16:08:52 - Checking deployment status in 5 seconds
VERBOSE: 16:08:58 - Checking deployment status in 5 seconds
VERBOSE: 16:09:05 - Checking deployment status in 5 seconds
VERBOSE: 16:09:11 - Checking deployment status in 5 seconds
VERBOSE: 16:09:18 - Checking deployment status in 5 seconds
VERBOSE: 16:09:24 - Checking deployment status in 5 seconds
VERBOSE: 16:09:31 - Checking deployment status in 5 seconds
VERBOSE: 16:09:37 - Checking deployment status in 5 seconds
VERBOSE: 16:09:44 - Checking deployment status in 5 seconds
VERBOSE: 16:09:50 - Checking deployment status in 5 seconds
VERBOSE: 16:09:57 - Checking deployment status in 5 seconds
VERBOSE: 16:10:03 - Checking deployment status in 5 seconds
VERBOSE: 16:10:10 - Checking deployment status in 5 seconds
VERBOSE: 16:10:16 - Checking deployment status in 5 seconds
VERBOSE: 16:10:23 - Checking deployment status in 5 seconds
VERBOSE: 16:10:29 - Checking deployment status in 5 seconds
VERBOSE: 16:10:36 - Checking deployment status in 5 seconds
VERBOSE: 16:10:42 - Checking deployment status in 5 seconds
VERBOSE: 16:10:49 - Checking deployment status in 5 seconds
VERBOSE: 16:10:55 - Checking deployment status in 5 seconds
VERBOSE: 16:11:02 - Checking deployment status in 5 seconds
VERBOSE: 16:11:08 - Checking deployment status in 5 seconds
VERBOSE: 16:11:14 - Checking deployment status in 5 seconds
VERBOSE: 16:11:21 - Checking deployment status in 5 seconds
VERBOSE: 16:11:27 - Checking deployment status in 5 seconds
VERBOSE: 16:11:34 - Checking deployment status in 5 seconds
VERBOSE: 16:11:40 - Checking deployment status in 5 seconds
VERBOSE: 16:11:47 - Checking deployment status in 5 seconds
VERBOSE: 16:11:53 - Checking deployment status in 5 seconds
VERBOSE: 16:12:00 - Checking deployment status in 5 seconds
VERBOSE: 16:12:06 - Checking deployment status in 5 seconds
VERBOSE: 16:12:13 - Checking deployment status in 5 seconds
VERBOSE: 16:12:19 - Checking deployment status in 5 seconds
VERBOSE: 16:12:26 - Checking deployment status in 5 seconds
VERBOSE: 16:12:32 - Checking deployment status in 5 seconds
VERBOSE: 16:12:40 - Checking deployment status in 5 seconds
VERBOSE: 16:12:47 - Checking deployment status in 5 seconds
VERBOSE: 16:12:53 - Checking deployment status in 5 seconds
VERBOSE: 16:12:59 - Resource Microsoft.Compute/virtualMachines '20533D0202-vm1' provisioning status is succeeded

DeploymentName          : azuredeployvm2-0402-1933
CorrelationId           : d15acd19-d3f9-40ef-9801-c50a6bc6a34e
ResourceGroupName       : 20533D0202-LabRG
ProvisioningState       : Succeeded
Timestamp               : 02-04-2018 20:12:57
Mode                    : Incremental
TemplateLink            :
TemplateLinkString      :
DeploymentDebugLogLevel :
Parameters              : {[virtualMachineSize,
                          Microsoft.Azure.Commands.ResourceManager.Cmdlets.SdkModels.DeploymentVariable],
                          [virtualMachineName,
                          Microsoft.Azure.Commands.ResourceManager.Cmdlets.SdkModels.DeploymentVariable],
                          [adminUsername,
                          Microsoft.Azure.Commands.ResourceManager.Cmdlets.SdkModels.DeploymentVariable],
                          [adminPassword,
                          Microsoft.Azure.Commands.ResourceManager.Cmdlets.SdkModels.DeploymentVariable]...}
ParametersString        :
                          Name             Type                       Value
                          ===============  =========================  ==========
                          virtualMachineSize  String                     Standard_A1
                          virtualMachineName  String                     20533D0202-vm1
                          adminUsername    String                     Student
                          adminPassword    SecureString
                          storageAccountType  String                     Standard_LRS
                          virtualNetworkName  String                     20533D0202-vnet

Outputs                 : {}
OutputsString           :


Lab 2 setup is complete
Started at 04/02/2018 15:23:18
Ended at 04/02/2018 16:13:01

Total elapsed time is 49 minutes

**********************
Windows PowerShell transcript end
End time: 20180402161301
**********************
