**********************
Windows PowerShell transcript start
Start time: 20180331083803
Username: ASINGALA-PC\asingala
RunAs User: ASINGALA-PC\asingala
Configuration Name: 
Machine: ASINGALA-PC (Microsoft Windows NT 10.0.16299.0)
Host Application: C:\Windows\System32\WindowsPowerShell\v1.0\powershell.exe
Process ID: 7972
PSVersion: 5.1.16299.251
PSEdition: Desktop
PSCompatibleVersions: 1.0, 2.0, 3.0, 4.0, 5.0, 5.1.16299.251
BuildVersion: 10.0.16299.251
CLRVersion: 4.0.30319.42000
WSManStackVersion: 3.0
PSRemotingProtocolVersion: 2.3
SerializationVersion: 1.1.0.1
**********************
Transcript started, output file is D:\Temp\MOC20533\Allfiles\Logs\Remove-20533DEnvironment-4.log
Deleting 20533D0401-LabRG resource group...
True
Started at 03/31/2018 08:36:49
Ended at 03/31/2018 08:47:55

Total elapsed time is 11 minutes

**********************
Windows PowerShell transcript end
End time: 20180331084755
**********************
**********************
Windows PowerShell transcript start
Start time: 20180403155019
Username: ASINGALA-PC\asingala
RunAs User: ASINGALA-PC\asingala
Configuration Name: 
Machine: ASINGALA-PC (Microsoft Windows NT 10.0.16299.0)
Host Application: C:\Windows\System32\WindowsPowerShell\v1.0\powershell.exe
Process ID: 7972
PSVersion: 5.1.16299.251
PSEdition: Desktop
PSCompatibleVersions: 1.0, 2.0, 3.0, 4.0, 5.0, 5.1.16299.251
BuildVersion: 10.0.16299.251
CLRVersion: 4.0.30319.42000
WSManStackVersion: 3.0
PSRemotingProtocolVersion: 2.3
SerializationVersion: 1.1.0.1
**********************
Transcript started, output file is D:\Temp\MOC20533\Allfiles\Logs\Remove-20533DEnvironment-4.log
Deleting 20533D0401-LabRG resource group...
True
Deleting 20533D0402-DemoRG resource group...
True
Started at 04/03/2018 15:50:05
Ended at 04/03/2018 16:04:02

Total elapsed time is 13 minutes

**********************
Windows PowerShell transcript end
End time: 20180403160402
**********************
