**********************
Windows PowerShell transcript start
Start time: 20180401054953
Username: ASINGALA-PC\asingala
RunAs User: ASINGALA-PC\asingala
Configuration Name: 
Machine: ASINGALA-PC (Microsoft Windows NT 10.0.16299.0)
Host Application: C:\Windows\System32\WindowsPowerShell\v1.0\powershell.exe
Process ID: 7972
PSVersion: 5.1.16299.251
PSEdition: Desktop
PSCompatibleVersions: 1.0, 2.0, 3.0, 4.0, 5.0, 5.1.16299.251
BuildVersion: 10.0.16299.251
CLRVersion: 4.0.30319.42000
WSManStackVersion: 3.0
PSRemotingProtocolVersion: 2.3
SerializationVersion: 1.1.0.1
**********************
Transcript started, output file is D:\Temp\MOC20533\Allfiles\Logs\Remove-20533DEnvironment-5.log
Deleting 20533D0501-DemoRG resource group...
True
Started at 04/01/2018 05:49:12
Ended at 04/01/2018 05:51:33

Total elapsed time is 2 minutes

**********************
Windows PowerShell transcript end
End time: 20180401055133
**********************
**********************
Windows PowerShell transcript start
Start time: 20180404133205
Username: ASINGALA-PC\asingala
RunAs User: ASINGALA-PC\asingala
Configuration Name: 
Machine: ASINGALA-PC (Microsoft Windows NT 10.0.16299.0)
Host Application: C:\Windows\System32\WindowsPowerShell\v1.0\powershell.exe
Process ID: 7940
PSVersion: 5.1.16299.251
PSEdition: Desktop
PSCompatibleVersions: 1.0, 2.0, 3.0, 4.0, 5.0, 5.1.16299.251
BuildVersion: 10.0.16299.251
CLRVersion: 4.0.30319.42000
WSManStackVersion: 3.0
PSRemotingProtocolVersion: 2.3
SerializationVersion: 1.1.0.1
**********************
Transcript started, output file is D:\Temp\MOC20533\Allfiles\Logs\Remove-20533DEnvironment-5.log
Deleting 20533D0501-DemoRG resource group...
True
Started at 04/04/2018 13:31:46
Ended at 04/04/2018 13:34:00

Total elapsed time is 2 minutes

**********************
Windows PowerShell transcript end
End time: 20180404133400
**********************
