**********************
Windows PowerShell transcript start
Start time: 20180405073222
Username: ASINGALA-PC\asingala
RunAs User: ASINGALA-PC\asingala
Configuration Name: 
Machine: ASINGALA-PC (Microsoft Windows NT 10.0.16299.0)
Host Application: C:\Windows\System32\WindowsPowerShell\v1.0\powershell.exe
Process ID: 7940
PSVersion: 5.1.16299.251
PSEdition: Desktop
PSCompatibleVersions: 1.0, 2.0, 3.0, 4.0, 5.0, 5.1.16299.251
BuildVersion: 10.0.16299.251
CLRVersion: 4.0.30319.42000
WSManStackVersion: 3.0
PSRemotingProtocolVersion: 2.3
SerializationVersion: 1.1.0.1
**********************
Transcript started, output file is D:\Temp\MOC20533\Allfiles\Logs\Remove-20533DEnvironment-11.log
Deleting 20533D1101-LabRG resource group...
**********************
Command start time: 20180405075159
**********************
PS>TerminatingError(): "The pipeline has been stopped."
>> TerminatingError(): "The pipeline has been stopped."
>> TerminatingError(): "The pipeline has been stopped."
**********************
Command start time: 20180405100105
**********************
PS C:\Users\asingala> Add-20533DEnvironment

Which lab do you want to set up? Type a number from 1 - 11:

The lab you want to set up is: Lab 7

Lab 7A and 7B. Implementing containers in Azure. Setup will set the global variables representing the Azure subscription and the Azure region you designate. It will also deploy a Windows Server 2016 Standard D2 v3 Azure VM with the Hyper-V server role in that region.
Do you want to proceed? Y/N?:
The lab to set up is: Lab 7
Transcript started, output file is D:\Temp\MOC20533\Allfiles\Logs\New-20533DEnvironment-7.log

Now setting up Lab 7


Account          : spsms03@hotmail.com
SubscriptionName : Visual Studio Enterprise with MSDN
SubscriptionId   : acfa5b40-305f-49b6-b379-4e68a29c0da7
TenantId         : 93bf7472-983c-429f-bd89-4cf59c7aa333
Environment      : AzureCloud

Subscription already selected - using the subscription: Visual Studio Enterprise with MSDN Id: acfa5b40-305f-49b6-b379-4e68a29c0da7

Name               : [spsms03@hotmail.com, acfa5b40-305f-49b6-b379-4e68a29c0da7]
Account            : spsms03@hotmail.com
Environment        : AzureCloud
Subscription       : acfa5b40-305f-49b6-b379-4e68a29c0da7
Tenant             : 93bf7472-983c-429f-bd89-4cf59c7aa333
TokenCache         : Microsoft.Azure.Commands.Common.Authentication.AuthenticationStoreTokenCache
VersionProfile     :
ExtendedProperties : {}

1    East US
2    West US 2
3    West Europe
4    Southeast Asia

Enter the number corresponding to the Azure region you want to use:
Your Azure region is:  East US
lab startup folder is D:\Temp\MOC20533\Allfiles\Labfiles\Lab07\Starter
**********************
Windows PowerShell transcript end
End time: 20180405100214
**********************
**********************
Windows PowerShell transcript start
Start time: 20180406140932
Username: ASINGALA-PC\asingala
RunAs User: ASINGALA-PC\asingala
Configuration Name: 
Machine: ASINGALA-PC (Microsoft Windows NT 10.0.16299.0)
Host Application: C:\Windows\System32\WindowsPowerShell\v1.0\powershell.exe
Process ID: 7940
PSVersion: 5.1.16299.251
PSEdition: Desktop
PSCompatibleVersions: 1.0, 2.0, 3.0, 4.0, 5.0, 5.1.16299.251
BuildVersion: 10.0.16299.251
CLRVersion: 4.0.30319.42000
WSManStackVersion: 3.0
PSRemotingProtocolVersion: 2.3
SerializationVersion: 1.1.0.1
**********************
Transcript started, output file is D:\Temp\MOC20533\Allfiles\Logs\Remove-20533DEnvironment-11.log
Deleting 20533D1101-LabRG resource group...
True
Started at 04/06/2018 14:09:08
Ended at 04/06/2018 14:17:23

Total elapsed time is 8 minutes

**********************
Windows PowerShell transcript end
End time: 20180406141723
**********************
