**********************
Windows PowerShell transcript start
Start time: 20180404025114
Username: ASINGALA-PC\asingala
RunAs User: ASINGALA-PC\asingala
Configuration Name: 
Machine: ASINGALA-PC (Microsoft Windows NT 10.0.16299.0)
Host Application: C:\Windows\System32\WindowsPowerShell\v1.0\powershell.exe
Process ID: 7972
PSVersion: 5.1.16299.251
PSEdition: Desktop
PSCompatibleVersions: 1.0, 2.0, 3.0, 4.0, 5.0, 5.1.16299.251
BuildVersion: 10.0.16299.251
CLRVersion: 4.0.30319.42000
WSManStackVersion: 3.0
PSRemotingProtocolVersion: 2.3
SerializationVersion: 1.1.0.1
**********************
Transcript started, output file is D:\Temp\MOC20533\Allfiles\Logs\Remove-20533DEnvironment-7.log
Deleting 20533D0701-LabRG resource group...
True
Started at 04/04/2018 02:50:47
Ended at 04/04/2018 03:13:25

Total elapsed time is 22 minutes

**********************
Windows PowerShell transcript end
End time: 20180404031325
**********************
**********************
Windows PowerShell transcript start
Start time: 20180404031347
Username: ASINGALA-PC\asingala
RunAs User: ASINGALA-PC\asingala
Configuration Name: 
Machine: ASINGALA-PC (Microsoft Windows NT 10.0.16299.0)
Host Application: C:\Windows\System32\WindowsPowerShell\v1.0\powershell.exe
Process ID: 7972
PSVersion: 5.1.16299.251
PSEdition: Desktop
PSCompatibleVersions: 1.0, 2.0, 3.0, 4.0, 5.0, 5.1.16299.251
BuildVersion: 10.0.16299.251
CLRVersion: 4.0.30319.42000
WSManStackVersion: 3.0
PSRemotingProtocolVersion: 2.3
SerializationVersion: 1.1.0.1
**********************
Transcript started, output file is D:\Temp\MOC20533\Allfiles\Logs\Remove-20533DEnvironment-7.log
Deleting 20533D0701-DemoRG resource group...
True
Started at 04/04/2018 03:13:32
Ended at 04/04/2018 03:14:39

Total elapsed time is 1 minutes

**********************
Windows PowerShell transcript end
End time: 20180404031439
**********************
**********************
Windows PowerShell transcript start
Start time: 20180404033813
Username: ASINGALA-PC\asingala
RunAs User: ASINGALA-PC\asingala
Configuration Name: 
Machine: ASINGALA-PC (Microsoft Windows NT 10.0.16299.0)
Host Application: C:\Windows\System32\WindowsPowerShell\v1.0\powershell.exe
Process ID: 7972
PSVersion: 5.1.16299.251
PSEdition: Desktop
PSCompatibleVersions: 1.0, 2.0, 3.0, 4.0, 5.0, 5.1.16299.251
BuildVersion: 10.0.16299.251
CLRVersion: 4.0.30319.42000
WSManStackVersion: 3.0
PSRemotingProtocolVersion: 2.3
SerializationVersion: 1.1.0.1
**********************
Transcript started, output file is D:\Temp\MOC20533\Allfiles\Logs\Remove-20533DEnvironment-7.log
Deleting 20533D0701-DemoRG resource group...
True
Deleting 20533D0701-LabRG resource group...
True
Started at 04/04/2018 03:37:53
Ended at 04/04/2018 03:46:54

Total elapsed time is 9 minutes

**********************
Windows PowerShell transcript end
End time: 20180404034654
**********************
**********************
Windows PowerShell transcript start
Start time: 20180404054355
Username: ASINGALA-PC\asingala
RunAs User: ASINGALA-PC\asingala
Configuration Name: 
Machine: ASINGALA-PC (Microsoft Windows NT 10.0.16299.0)
Host Application: C:\Windows\System32\WindowsPowerShell\v1.0\powershell.exe
Process ID: 7940
PSVersion: 5.1.16299.251
PSEdition: Desktop
PSCompatibleVersions: 1.0, 2.0, 3.0, 4.0, 5.0, 5.1.16299.251
BuildVersion: 10.0.16299.251
CLRVersion: 4.0.30319.42000
WSManStackVersion: 3.0
PSRemotingProtocolVersion: 2.3
SerializationVersion: 1.1.0.1
**********************
Transcript started, output file is D:\Temp\MOC20533\Allfiles\Logs\Remove-20533DEnvironment-7.log
Deleting 20533D0701-DemoRG resource group...
True
Deleting 20533D0701-LabRG resource group...
True
Deleting 20533D0702-DemoRG resource group...
True
Started at 04/04/2018 05:42:53
Ended at 04/04/2018 06:02:09

Total elapsed time is 19 minutes

**********************
Windows PowerShell transcript end
End time: 20180404060211
**********************
**********************
Windows PowerShell transcript start
Start time: 20180405134813
Username: ASINGALA-PC\asingala
RunAs User: ASINGALA-PC\asingala
Configuration Name: 
Machine: ASINGALA-PC (Microsoft Windows NT 10.0.16299.0)
Host Application: C:\Windows\System32\WindowsPowerShell\v1.0\powershell.exe
Process ID: 7940
PSVersion: 5.1.16299.251
PSEdition: Desktop
PSCompatibleVersions: 1.0, 2.0, 3.0, 4.0, 5.0, 5.1.16299.251
BuildVersion: 10.0.16299.251
CLRVersion: 4.0.30319.42000
WSManStackVersion: 3.0
PSRemotingProtocolVersion: 2.3
SerializationVersion: 1.1.0.1
**********************
Transcript started, output file is D:\Temp\MOC20533\Allfiles\Logs\Remove-20533DEnvironment-7.log
Deleting 20533D0701-DemoRG resource group...
True
Deleting 20533D0701-LabRG resource group...
True
Started at 04/05/2018 13:46:50
Ended at 04/05/2018 13:59:50

Total elapsed time is 12 minutes

**********************
Windows PowerShell transcript end
End time: 20180405135950
**********************
